2018-04-24 13:30:25 - MOD: Modification Default
FILE: system/engine/action.php
REGEX: ~(require|include)(_once)?\(([^)]+)~
LINE: 39
FILE: system/engine/loader.php
REGEX: ~(require|include)(_once)?\(([^)]+)~
LINE: 20
LINE: 59
LINE: 80
LINE: 99
FILE: system/library/config.php
REGEX: ~(require|include)(_once)?\(([^)]+)~
LINE: 23
FILE: system/library/language.php
REGEX: ~(require|include)(_once)?\(([^)]+)~
LINE: 25
LINE: 31
----------------------------------------------------------------
MOD: Local copy OCMOD by iSenseLabs
FILE: admin/controller/extension/installer.php
CODE: 'url'  => str_replace('&amp;', '&', $this->url->link('extension/installer/ftp', 'token=' . $this->session->data['token'],
LINE: 132
CODE: public function unzip() {
LINE: 293
----------------------------------------------------------------
2018-04-25 4:35:05 - MOD: Modification Default
FILE: system/engine/action.php
REGEX: ~(require|include)(_once)?\(([^)]+)~
LINE: 39
FILE: system/engine/loader.php
REGEX: ~(require|include)(_once)?\(([^)]+)~
LINE: 20
LINE: 59
LINE: 80
LINE: 99
FILE: system/library/config.php
REGEX: ~(require|include)(_once)?\(([^)]+)~
LINE: 23
FILE: system/library/language.php
REGEX: ~(require|include)(_once)?\(([^)]+)~
LINE: 25
LINE: 31
----------------------------------------------------------------
MOD: Local copy OCMOD by iSenseLabs
FILE: admin/controller/extension/installer.php
CODE: 'url'  => str_replace('&amp;', '&', $this->url->link('extension/installer/ftp', 'token=' . $this->session->data['token'],
LINE: 132
CODE: public function unzip() {
LINE: 293
----------------------------------------------------------------
MOD: NitroPack Admin Panel Link
FILE: admin/view/template/common/menu.tpl
CODE: <li><a href="<?php echo $error_log; ?>"><?php echo $text_error_log; ?></a></li>
LINE: 162
FILE: admin/controller/common/menu.php
CODE: $data['error_log'] = $this->url->link('tool/error_log', 'token=' . $this->session->data['token'], 'SSL');
LINE: 132
CODE: $data['error_log'] = $this->url->link('tool/error_log', 'token=' . $this->session->data['token'], true);
NOT FOUND!
FILE: admin/controller/common/column_left.php
CODE: if ($tool) {
NOT FOUND!
----------------------------------------------------------------
MOD: NitroPack CDN
FILE: catalog/model/tool/image.php
CODE: class ModelToolImage extends Model {
LINE: 12
CODE: return $this->config->get('config_ssl') . 'image/' . $new_image;
LINE: 57
CODE: return $this->config->get('config_url') . 'image/' . $new_image;
LINE: 68
CODE: return $this->config->get('config_ssl') . 'image/' . $image_new;
NOT FOUND!
CODE: return $this->config->get('config_url') . 'image/' . $image_new;
NOT FOUND!
CODE: return (defined('HTTPS_STATIC_CDN') ? HTTPS_STATIC_CDN : $this->config->get('config_ssl')) . 'image/' . $new_image;
NOT FOUND!
CODE: return (defined('HTTPS_STATIC_CDN') ? HTTPS_STATIC_CDN : $this->config->get('config_ssl')) . 'image/' . $image_new;
NOT FOUND!
FILE: catalog/controller/common/header.php
CODE: $data['styles'] = $this->document->getStyles();
LINE: 39
CODE: $data['scripts'] = $this->document->getScripts();
LINE: 47
----------------------------------------------------------------
MOD: NitroPack CSS and JavaScript Minify
FILE: system/library/document.php
CODE: return $this->styles;
LINE: 60
CODE: return $this->scripts[$postion];
LINE: 76
CODE: return $this->scripts;
NOT FOUND!
----------------------------------------------------------------
MOD: NitroPack Database Cache
FILE: system/library/db.php
CODE: return $this->db->query($sql);
LINE: 73
CODE: return $this->adaptor->query($sql, $params);
NOT FOUND!
----------------------------------------------------------------
MOD: NitroPack Database Singleton
CODE: if (class_exists($class)) {
LINE: 18
----------------------------------------------------------------
MOD: NitroPack Image Quality Override
FILE: system/library/image.php
CODE: public function save($file, $quality = 90) {
LINE: 61
REGEX: ~public function resize.*~
LINE: 14
CODE: $extension = pathinfo($filename, PATHINFO_EXTENSION);
LINE: 66
CODE: if (!is_file(DIR_IMAGE . $image_new) || (filectime(DIR_IMAGE . $image_old) > filectime(DIR_IMAGE . $image_new))) {
NOT FOUND!
CODE: if (!is_file(DIR_IMAGE . $new_image) || (filectime(DIR_IMAGE . $old_image) > filectime(DIR_IMAGE . $new_image))) {
LINE: 71
CODE: $image->save(DIR_IMAGE . $new_image);
LINE: 98
CODE: copy(DIR_IMAGE . $old_image, DIR_IMAGE . $new_image);
LINE: 105
CODE: if ($width_orig != $width || $height_orig != $height) {
LINE: 93
CODE: if ($width_orig != $width || $height_orig != $height) {
LINE: 93
----------------------------------------------------------------
MOD: NitroPack jQuery from Google
FILE: catalog/view/theme/default/template/common/header.tpl
CODE: <script src="catalog/view/javascript/jquery/jquery-2.1.1.min.js" type="text/javascript"></script>
LINE: 22
CODE: <script src="catalog/view/javascript/jquery/jquery-2.1.1.min.js" type="text/javascript"></script>
LINE: 23
----------------------------------------------------------------
MOD: NitroPack Page Cache
FILE: system/engine/registry.php
CODE: $this->data[$key] = $value;
LINE: 23
FILE: system/library/response.php
CODE: $this->level = $level;
LINE: 19
CODE: echo $output;
LINE: 80
CODE: echo $output;
LINE: 95
FILE: catalog/controller/common/language.php
CODE: $this->session->data['language'] = $this->request->post['code'];
LINE: 59
FILE: catalog/controller/common/currency.php
CODE: $this->currency->set($this->request->post['code']);
LINE: 60
CODE: $this->session->data['currency'] = $this->request->post['code'];
NOT FOUND!
FILE: catalog/model/catalog/product.php
CODE: public function getProduct($product_id) {
LINE: 14
FILE: catalog/model/catalog/category.php
CODE: public function getCategory($category_id) {
LINE: 10
FILE: admin/model/catalog/product.php
CODE: public function editProduct($product_id, $data) {
LINE: 140
CODE: public function addProduct($data) {
LINE: 10
CODE: public function copyProduct($product_id) {
LINE: 309
CODE: public function deleteProduct($product_id) {
LINE: 348
FILE: catalog/model/checkout/order.php
CODE: $this->db->query("UPDATE " . DB_PREFIX . "product SET quantity = (quantity - " . (int)$order_product['quantity'] . ") WHERE product_id = '" . (int)$order_product['product_id'] . "' AND subtract = '1'");
LINE: 335
CODE: $this->db->query("UPDATE `" . DB_PREFIX . "product` SET quantity = (quantity + " . (int)$product['quantity'] . ") WHERE product_id = '" . (int)$product['product_id'] . "' AND subtract = '1'");
LINE: 362
----------------------------------------------------------------
MOD: NitroPack System Cache Override
FILE: system/library/cache.php
CODE: public function __construct($driver, $expire = 3600) {
LINE: 13
CODE: public function __construct($adaptor, $expire = 3600) {
NOT FOUND!
----------------------------------------------------------------
2018-04-27 3:10:16 - MOD: Modification Default
FILE: system/engine/action.php
REGEX: ~(require|include)(_once)?\(([^)]+)~
LINE: 39
FILE: system/engine/loader.php
REGEX: ~(require|include)(_once)?\(([^)]+)~
LINE: 20
LINE: 59
LINE: 80
LINE: 99
FILE: system/library/config.php
REGEX: ~(require|include)(_once)?\(([^)]+)~
LINE: 23
FILE: system/library/language.php
REGEX: ~(require|include)(_once)?\(([^)]+)~
LINE: 25
LINE: 31
----------------------------------------------------------------
MOD: Local copy OCMOD by iSenseLabs
FILE: admin/controller/extension/installer.php
CODE: 'url'  => str_replace('&amp;', '&', $this->url->link('extension/installer/ftp', 'token=' . $this->session->data['token'],
LINE: 132
CODE: public function unzip() {
LINE: 293
----------------------------------------------------------------
MOD: NitroPack Admin Panel Link
FILE: admin/view/template/common/menu.tpl
CODE: <li><a href="<?php echo $error_log; ?>"><?php echo $text_error_log; ?></a></li>
LINE: 162
FILE: admin/controller/common/menu.php
CODE: $data['error_log'] = $this->url->link('tool/error_log', 'token=' . $this->session->data['token'], 'SSL');
LINE: 132
CODE: $data['error_log'] = $this->url->link('tool/error_log', 'token=' . $this->session->data['token'], true);
NOT FOUND!
FILE: admin/controller/common/column_left.php
CODE: if ($tool) {
NOT FOUND!
----------------------------------------------------------------
MOD: NitroPack CDN
FILE: catalog/model/tool/image.php
CODE: class ModelToolImage extends Model {
LINE: 12
CODE: return $this->config->get('config_ssl') . 'image/' . $new_image;
LINE: 57
CODE: return $this->config->get('config_url') . 'image/' . $new_image;
LINE: 68
CODE: return $this->config->get('config_ssl') . 'image/' . $image_new;
NOT FOUND!
CODE: return $this->config->get('config_url') . 'image/' . $image_new;
NOT FOUND!
CODE: return (defined('HTTPS_STATIC_CDN') ? HTTPS_STATIC_CDN : $this->config->get('config_ssl')) . 'image/' . $new_image;
NOT FOUND!
CODE: return (defined('HTTPS_STATIC_CDN') ? HTTPS_STATIC_CDN : $this->config->get('config_ssl')) . 'image/' . $image_new;
NOT FOUND!
FILE: catalog/controller/common/header.php
CODE: $data['styles'] = $this->document->getStyles();
LINE: 39
CODE: $data['scripts'] = $this->document->getScripts();
LINE: 47
----------------------------------------------------------------
MOD: NitroPack CSS and JavaScript Minify
FILE: system/library/document.php
CODE: return $this->styles;
LINE: 60
CODE: return $this->scripts[$postion];
LINE: 76
CODE: return $this->scripts;
NOT FOUND!
----------------------------------------------------------------
MOD: NitroPack Database Cache
FILE: system/library/db.php
CODE: return $this->db->query($sql);
LINE: 73
CODE: return $this->adaptor->query($sql, $params);
NOT FOUND!
----------------------------------------------------------------
MOD: NitroPack Database Singleton
CODE: if (class_exists($class)) {
LINE: 18
----------------------------------------------------------------
MOD: NitroPack Image Quality Override
FILE: system/library/image.php
CODE: public function save($file, $quality = 90) {
LINE: 61
REGEX: ~public function resize.*~
LINE: 14
CODE: $extension = pathinfo($filename, PATHINFO_EXTENSION);
LINE: 66
CODE: if (!is_file(DIR_IMAGE . $image_new) || (filectime(DIR_IMAGE . $image_old) > filectime(DIR_IMAGE . $image_new))) {
NOT FOUND!
CODE: if (!is_file(DIR_IMAGE . $new_image) || (filectime(DIR_IMAGE . $old_image) > filectime(DIR_IMAGE . $new_image))) {
LINE: 71
CODE: $image->save(DIR_IMAGE . $new_image);
LINE: 98
CODE: copy(DIR_IMAGE . $old_image, DIR_IMAGE . $new_image);
LINE: 105
CODE: if ($width_orig != $width || $height_orig != $height) {
LINE: 93
CODE: if ($width_orig != $width || $height_orig != $height) {
LINE: 93
----------------------------------------------------------------
MOD: NitroPack jQuery from Google
FILE: catalog/view/theme/default/template/common/header.tpl
CODE: <script src="catalog/view/javascript/jquery/jquery-2.1.1.min.js" type="text/javascript"></script>
LINE: 22
CODE: <script src="catalog/view/javascript/jquery/jquery-2.1.1.min.js" type="text/javascript"></script>
LINE: 23
----------------------------------------------------------------
MOD: NitroPack Page Cache
FILE: system/engine/registry.php
CODE: $this->data[$key] = $value;
LINE: 23
FILE: system/library/response.php
CODE: $this->level = $level;
LINE: 19
CODE: echo $output;
LINE: 80
CODE: echo $output;
LINE: 95
FILE: catalog/controller/common/language.php
CODE: $this->session->data['language'] = $this->request->post['code'];
LINE: 59
FILE: catalog/controller/common/currency.php
CODE: $this->currency->set($this->request->post['code']);
LINE: 60
CODE: $this->session->data['currency'] = $this->request->post['code'];
NOT FOUND!
FILE: catalog/model/catalog/product.php
CODE: public function getProduct($product_id) {
LINE: 14
FILE: catalog/model/catalog/category.php
CODE: public function getCategory($category_id) {
LINE: 10
FILE: admin/model/catalog/product.php
CODE: public function editProduct($product_id, $data) {
LINE: 140
CODE: public function addProduct($data) {
LINE: 10
CODE: public function copyProduct($product_id) {
LINE: 309
CODE: public function deleteProduct($product_id) {
LINE: 348
FILE: catalog/model/checkout/order.php
CODE: $this->db->query("UPDATE " . DB_PREFIX . "product SET quantity = (quantity - " . (int)$order_product['quantity'] . ") WHERE product_id = '" . (int)$order_product['product_id'] . "' AND subtract = '1'");
LINE: 335
CODE: $this->db->query("UPDATE `" . DB_PREFIX . "product` SET quantity = (quantity + " . (int)$product['quantity'] . ") WHERE product_id = '" . (int)$product['product_id'] . "' AND subtract = '1'");
LINE: 362
----------------------------------------------------------------
MOD: NitroPack System Cache Override
FILE: system/library/cache.php
CODE: public function __construct($driver, $expire = 3600) {
LINE: 13
CODE: public function __construct($adaptor, $expire = 3600) {
NOT FOUND!
----------------------------------------------------------------
MOD: X-Form
FILE: catalog/controller/common/seo_url.php
CODE: if ($url[0] == 'product_id')
LINE: 30
CODE: <li id="reports"><a class="parent"><i class="fa fa-bar-chart-o fa-fw"></i> <span><?php echo $text_reports; ?></span></a>
LINE: 170
CODE: $data['home'] = $this->url->link('common/dashboard', 'token=' . $this->session->data['token'], 'SSL');
LINE: 115
FILE: catalog/controller/information/contact.php
CODE: $this->validate()
LINE: 9
FILE: catalog/controller/information/information.php
CODE: $data['description'] = html_entity_decode($information_info['description'], ENT_QUOTES, 'UTF-8');
LINE: 67
CODE: $this->load->language('common/header');
LINE: 98
FILE: catalog/controller/product/product.php
CODE: $data['description'] = html_entity_decode($product_info['description'], ENT_QUOTES, 'UTF-8');
LINE: 286
FILE: admin/controller/sale/order.php
CODE: $this->response->setOutput($this->load->view('sale/order_info
LINE: 1296
FILE: admin/view/template/sale/order_info.tpl
CODE: <?php if ($account_custom_fields) { ?>
LINE: 286
----------------------------------------------------------------
2018-04-30 11:14:38 - MOD: Modification Default
FILE: system/engine/action.php
REGEX: ~(require|include)(_once)?\(([^)]+)~
LINE: 39
FILE: system/engine/loader.php
REGEX: ~(require|include)(_once)?\(([^)]+)~
LINE: 20
LINE: 59
LINE: 80
LINE: 99
FILE: system/library/config.php
REGEX: ~(require|include)(_once)?\(([^)]+)~
LINE: 23
FILE: system/library/language.php
REGEX: ~(require|include)(_once)?\(([^)]+)~
LINE: 25
LINE: 31
----------------------------------------------------------------
MOD: Local copy OCMOD by iSenseLabs
FILE: admin/controller/extension/installer.php
CODE: 'url'  => str_replace('&amp;', '&', $this->url->link('extension/installer/ftp', 'token=' . $this->session->data['token'],
LINE: 132
CODE: public function unzip() {
LINE: 293
----------------------------------------------------------------
MOD: NitroPack Admin Panel Link
FILE: admin/view/template/common/menu.tpl
CODE: <li><a href="<?php echo $error_log; ?>"><?php echo $text_error_log; ?></a></li>
LINE: 162
FILE: admin/controller/common/menu.php
CODE: $data['error_log'] = $this->url->link('tool/error_log', 'token=' . $this->session->data['token'], 'SSL');
LINE: 132
CODE: $data['error_log'] = $this->url->link('tool/error_log', 'token=' . $this->session->data['token'], true);
NOT FOUND!
FILE: admin/controller/common/column_left.php
CODE: if ($tool) {
NOT FOUND!
----------------------------------------------------------------
MOD: NitroPack CDN
FILE: catalog/model/tool/image.php
CODE: class ModelToolImage extends Model {
LINE: 12
CODE: return $this->config->get('config_ssl') . 'image/' . $new_image;
LINE: 57
CODE: return $this->config->get('config_url') . 'image/' . $new_image;
LINE: 68
CODE: return $this->config->get('config_ssl') . 'image/' . $image_new;
NOT FOUND!
CODE: return $this->config->get('config_url') . 'image/' . $image_new;
NOT FOUND!
CODE: return (defined('HTTPS_STATIC_CDN') ? HTTPS_STATIC_CDN : $this->config->get('config_ssl')) . 'image/' . $new_image;
NOT FOUND!
CODE: return (defined('HTTPS_STATIC_CDN') ? HTTPS_STATIC_CDN : $this->config->get('config_ssl')) . 'image/' . $image_new;
NOT FOUND!
FILE: catalog/controller/common/header.php
CODE: $data['styles'] = $this->document->getStyles();
LINE: 39
CODE: $data['scripts'] = $this->document->getScripts();
LINE: 47
----------------------------------------------------------------
MOD: NitroPack CSS and JavaScript Minify
FILE: system/library/document.php
CODE: return $this->styles;
LINE: 60
CODE: return $this->scripts[$postion];
LINE: 76
CODE: return $this->scripts;
NOT FOUND!
----------------------------------------------------------------
MOD: NitroPack Database Cache
FILE: system/library/db.php
CODE: return $this->db->query($sql);
LINE: 73
CODE: return $this->adaptor->query($sql, $params);
NOT FOUND!
----------------------------------------------------------------
MOD: NitroPack Database Singleton
CODE: if (class_exists($class)) {
LINE: 18
----------------------------------------------------------------
MOD: NitroPack Image Quality Override
FILE: system/library/image.php
CODE: public function save($file, $quality = 90) {
LINE: 61
REGEX: ~public function resize.*~
LINE: 14
CODE: $extension = pathinfo($filename, PATHINFO_EXTENSION);
LINE: 66
CODE: if (!is_file(DIR_IMAGE . $image_new) || (filectime(DIR_IMAGE . $image_old) > filectime(DIR_IMAGE . $image_new))) {
NOT FOUND!
CODE: if (!is_file(DIR_IMAGE . $new_image) || (filectime(DIR_IMAGE . $old_image) > filectime(DIR_IMAGE . $new_image))) {
LINE: 71
CODE: $image->save(DIR_IMAGE . $new_image);
LINE: 98
CODE: copy(DIR_IMAGE . $old_image, DIR_IMAGE . $new_image);
LINE: 105
CODE: if ($width_orig != $width || $height_orig != $height) {
LINE: 93
CODE: if ($width_orig != $width || $height_orig != $height) {
LINE: 93
----------------------------------------------------------------
MOD: NitroPack jQuery from Google
FILE: catalog/view/theme/default/template/common/header.tpl
CODE: <script src="catalog/view/javascript/jquery/jquery-2.1.1.min.js" type="text/javascript"></script>
LINE: 22
CODE: <script src="catalog/view/javascript/jquery/jquery-2.1.1.min.js" type="text/javascript"></script>
LINE: 23
----------------------------------------------------------------
MOD: NitroPack Page Cache
FILE: system/engine/registry.php
CODE: $this->data[$key] = $value;
LINE: 23
FILE: system/library/response.php
CODE: $this->level = $level;
LINE: 19
CODE: echo $output;
LINE: 80
CODE: echo $output;
LINE: 95
FILE: catalog/controller/common/language.php
CODE: $this->session->data['language'] = $this->request->post['code'];
LINE: 59
FILE: catalog/controller/common/currency.php
CODE: $this->currency->set($this->request->post['code']);
LINE: 60
CODE: $this->session->data['currency'] = $this->request->post['code'];
NOT FOUND!
FILE: catalog/model/catalog/product.php
CODE: public function getProduct($product_id) {
LINE: 14
FILE: catalog/model/catalog/category.php
CODE: public function getCategory($category_id) {
LINE: 10
FILE: admin/model/catalog/product.php
CODE: public function editProduct($product_id, $data) {
LINE: 140
CODE: public function addProduct($data) {
LINE: 10
CODE: public function copyProduct($product_id) {
LINE: 309
CODE: public function deleteProduct($product_id) {
LINE: 348
FILE: catalog/model/checkout/order.php
CODE: $this->db->query("UPDATE " . DB_PREFIX . "product SET quantity = (quantity - " . (int)$order_product['quantity'] . ") WHERE product_id = '" . (int)$order_product['product_id'] . "' AND subtract = '1'");
LINE: 335
CODE: $this->db->query("UPDATE `" . DB_PREFIX . "product` SET quantity = (quantity + " . (int)$product['quantity'] . ") WHERE product_id = '" . (int)$product['product_id'] . "' AND subtract = '1'");
LINE: 362
----------------------------------------------------------------
MOD: NitroPack System Cache Override
FILE: system/library/cache.php
CODE: public function __construct($driver, $expire = 3600) {
LINE: 13
CODE: public function __construct($adaptor, $expire = 3600) {
NOT FOUND!
----------------------------------------------------------------
MOD: Webkul HelpDesk
FILE: system/engine/front.php
CODE: $this->registry = $registry;
LINE: 10
CODE: imagegif($this->image, $file);
LINE: 76
CODE: return $this->load->view('common/menu.tpl', $data);
LINE: 247
CODE: <li id="reports"><a class="parent"><i class="fa fa-bar-chart-o fa-fw"></i> <span><?php echo $text_reports; ?></span></a>
LINE: 188
CODE: $data['checkout'] = $this->url->link('checkout/checkout', '', 'SSL');
LINE: 104
CODE: <li class="dropdown"><a href="<?php echo $account; ?>"
LINE: 57
----------------------------------------------------------------
MOD: X-Form
FILE: catalog/controller/common/seo_url.php
CODE: if ($url[0] == 'product_id')
LINE: 30
CODE: <li id="reports"><a class="parent"><i class="fa fa-bar-chart-o fa-fw"></i> <span><?php echo $text_reports; ?></span></a>
LINE: 191
CODE: $data['home'] = $this->url->link('common/dashboard', 'token=' . $this->session->data['token'], 'SSL');
LINE: 115
FILE: catalog/controller/information/contact.php
CODE: $this->validate()
LINE: 9
FILE: catalog/controller/information/information.php
CODE: $data['description'] = html_entity_decode($information_info['description'], ENT_QUOTES, 'UTF-8');
LINE: 67
CODE: $this->load->language('common/header');
LINE: 98
FILE: catalog/controller/product/product.php
CODE: $data['description'] = html_entity_decode($product_info['description'], ENT_QUOTES, 'UTF-8');
LINE: 286
FILE: admin/controller/sale/order.php
CODE: $this->response->setOutput($this->load->view('sale/order_info
LINE: 1296
FILE: admin/view/template/sale/order_info.tpl
CODE: <?php if ($account_custom_fields) { ?>
LINE: 286
----------------------------------------------------------------
2018-04-30 11:18:03 - MOD: Modification Default
FILE: system/engine/action.php
REGEX: ~(require|include)(_once)?\(([^)]+)~
LINE: 39
FILE: system/engine/loader.php
REGEX: ~(require|include)(_once)?\(([^)]+)~
LINE: 20
LINE: 59
LINE: 80
LINE: 99
FILE: system/library/config.php
REGEX: ~(require|include)(_once)?\(([^)]+)~
LINE: 23
FILE: system/library/language.php
REGEX: ~(require|include)(_once)?\(([^)]+)~
LINE: 25
LINE: 31
----------------------------------------------------------------
MOD: Local copy OCMOD by iSenseLabs
FILE: admin/controller/extension/installer.php
CODE: 'url'  => str_replace('&amp;', '&', $this->url->link('extension/installer/ftp', 'token=' . $this->session->data['token'],
LINE: 132
CODE: public function unzip() {
LINE: 293
----------------------------------------------------------------
MOD: NitroPack Admin Panel Link
FILE: admin/view/template/common/menu.tpl
CODE: <li><a href="<?php echo $error_log; ?>"><?php echo $text_error_log; ?></a></li>
LINE: 162
FILE: admin/controller/common/menu.php
CODE: $data['error_log'] = $this->url->link('tool/error_log', 'token=' . $this->session->data['token'], 'SSL');
LINE: 132
CODE: $data['error_log'] = $this->url->link('tool/error_log', 'token=' . $this->session->data['token'], true);
NOT FOUND!
FILE: admin/controller/common/column_left.php
CODE: if ($tool) {
NOT FOUND!
----------------------------------------------------------------
MOD: NitroPack CDN
FILE: catalog/model/tool/image.php
CODE: class ModelToolImage extends Model {
LINE: 12
CODE: return $this->config->get('config_ssl') . 'image/' . $new_image;
LINE: 57
CODE: return $this->config->get('config_url') . 'image/' . $new_image;
LINE: 68
CODE: return $this->config->get('config_ssl') . 'image/' . $image_new;
NOT FOUND!
CODE: return $this->config->get('config_url') . 'image/' . $image_new;
NOT FOUND!
CODE: return (defined('HTTPS_STATIC_CDN') ? HTTPS_STATIC_CDN : $this->config->get('config_ssl')) . 'image/' . $new_image;
NOT FOUND!
CODE: return (defined('HTTPS_STATIC_CDN') ? HTTPS_STATIC_CDN : $this->config->get('config_ssl')) . 'image/' . $image_new;
NOT FOUND!
FILE: catalog/controller/common/header.php
CODE: $data['styles'] = $this->document->getStyles();
LINE: 39
CODE: $data['scripts'] = $this->document->getScripts();
LINE: 47
----------------------------------------------------------------
MOD: NitroPack CSS and JavaScript Minify
FILE: system/library/document.php
CODE: return $this->styles;
LINE: 60
CODE: return $this->scripts[$postion];
LINE: 76
CODE: return $this->scripts;
NOT FOUND!
----------------------------------------------------------------
MOD: NitroPack Database Cache
FILE: system/library/db.php
CODE: return $this->db->query($sql);
LINE: 73
CODE: return $this->adaptor->query($sql, $params);
NOT FOUND!
----------------------------------------------------------------
MOD: NitroPack Database Singleton
CODE: if (class_exists($class)) {
LINE: 18
----------------------------------------------------------------
MOD: NitroPack Image Quality Override
FILE: system/library/image.php
CODE: public function save($file, $quality = 90) {
LINE: 61
REGEX: ~public function resize.*~
LINE: 14
CODE: $extension = pathinfo($filename, PATHINFO_EXTENSION);
LINE: 66
CODE: if (!is_file(DIR_IMAGE . $image_new) || (filectime(DIR_IMAGE . $image_old) > filectime(DIR_IMAGE . $image_new))) {
NOT FOUND!
CODE: if (!is_file(DIR_IMAGE . $new_image) || (filectime(DIR_IMAGE . $old_image) > filectime(DIR_IMAGE . $new_image))) {
LINE: 71
CODE: $image->save(DIR_IMAGE . $new_image);
LINE: 98
CODE: copy(DIR_IMAGE . $old_image, DIR_IMAGE . $new_image);
LINE: 105
CODE: if ($width_orig != $width || $height_orig != $height) {
LINE: 93
CODE: if ($width_orig != $width || $height_orig != $height) {
LINE: 93
----------------------------------------------------------------
MOD: NitroPack jQuery from Google
FILE: catalog/view/theme/default/template/common/header.tpl
CODE: <script src="catalog/view/javascript/jquery/jquery-2.1.1.min.js" type="text/javascript"></script>
LINE: 22
CODE: <script src="catalog/view/javascript/jquery/jquery-2.1.1.min.js" type="text/javascript"></script>
LINE: 23
----------------------------------------------------------------
MOD: NitroPack Page Cache
FILE: system/engine/registry.php
CODE: $this->data[$key] = $value;
LINE: 23
FILE: system/library/response.php
CODE: $this->level = $level;
LINE: 19
CODE: echo $output;
LINE: 80
CODE: echo $output;
LINE: 95
FILE: catalog/controller/common/language.php
CODE: $this->session->data['language'] = $this->request->post['code'];
LINE: 59
FILE: catalog/controller/common/currency.php
CODE: $this->currency->set($this->request->post['code']);
LINE: 60
CODE: $this->session->data['currency'] = $this->request->post['code'];
NOT FOUND!
FILE: catalog/model/catalog/product.php
CODE: public function getProduct($product_id) {
LINE: 14
FILE: catalog/model/catalog/category.php
CODE: public function getCategory($category_id) {
LINE: 10
FILE: admin/model/catalog/product.php
CODE: public function editProduct($product_id, $data) {
LINE: 140
CODE: public function addProduct($data) {
LINE: 10
CODE: public function copyProduct($product_id) {
LINE: 309
CODE: public function deleteProduct($product_id) {
LINE: 348
FILE: catalog/model/checkout/order.php
CODE: $this->db->query("UPDATE " . DB_PREFIX . "product SET quantity = (quantity - " . (int)$order_product['quantity'] . ") WHERE product_id = '" . (int)$order_product['product_id'] . "' AND subtract = '1'");
LINE: 335
CODE: $this->db->query("UPDATE `" . DB_PREFIX . "product` SET quantity = (quantity + " . (int)$product['quantity'] . ") WHERE product_id = '" . (int)$product['product_id'] . "' AND subtract = '1'");
LINE: 362
----------------------------------------------------------------
MOD: NitroPack System Cache Override
FILE: system/library/cache.php
CODE: public function __construct($driver, $expire = 3600) {
LINE: 13
CODE: public function __construct($adaptor, $expire = 3600) {
NOT FOUND!
----------------------------------------------------------------
MOD: Webkul HelpDesk
FILE: system/engine/front.php
CODE: $this->registry = $registry;
LINE: 10
CODE: imagegif($this->image, $file);
LINE: 76
CODE: return $this->load->view('common/menu.tpl', $data);
LINE: 247
CODE: <li id="reports"><a class="parent"><i class="fa fa-bar-chart-o fa-fw"></i> <span><?php echo $text_reports; ?></span></a>
LINE: 188
CODE: $data['checkout'] = $this->url->link('checkout/checkout', '', 'SSL');
LINE: 104
CODE: <li class="dropdown"><a href="<?php echo $account; ?>"
LINE: 57
----------------------------------------------------------------
MOD: X-Form
FILE: catalog/controller/common/seo_url.php
CODE: if ($url[0] == 'product_id')
LINE: 30
CODE: <li id="reports"><a class="parent"><i class="fa fa-bar-chart-o fa-fw"></i> <span><?php echo $text_reports; ?></span></a>
LINE: 191
CODE: $data['home'] = $this->url->link('common/dashboard', 'token=' . $this->session->data['token'], 'SSL');
LINE: 115
FILE: catalog/controller/information/contact.php
CODE: $this->validate()
LINE: 9
FILE: catalog/controller/information/information.php
CODE: $data['description'] = html_entity_decode($information_info['description'], ENT_QUOTES, 'UTF-8');
LINE: 67
CODE: $this->load->language('common/header');
LINE: 98
FILE: catalog/controller/product/product.php
CODE: $data['description'] = html_entity_decode($product_info['description'], ENT_QUOTES, 'UTF-8');
LINE: 286
FILE: admin/controller/sale/order.php
CODE: $this->response->setOutput($this->load->view('sale/order_info
LINE: 1296
FILE: admin/view/template/sale/order_info.tpl
CODE: <?php if ($account_custom_fields) { ?>
LINE: 286
----------------------------------------------------------------
2018-04-30 12:14:37 - MOD: Modification Default
FILE: system/engine/action.php
REGEX: ~(require|include)(_once)?\(([^)]+)~
LINE: 39
FILE: system/engine/loader.php
REGEX: ~(require|include)(_once)?\(([^)]+)~
LINE: 20
LINE: 59
LINE: 80
LINE: 99
FILE: system/library/config.php
REGEX: ~(require|include)(_once)?\(([^)]+)~
LINE: 23
FILE: system/library/language.php
REGEX: ~(require|include)(_once)?\(([^)]+)~
LINE: 25
LINE: 31
----------------------------------------------------------------
MOD: Local copy OCMOD by iSenseLabs
FILE: admin/controller/extension/installer.php
CODE: 'url'  => str_replace('&amp;', '&', $this->url->link('extension/installer/ftp', 'token=' . $this->session->data['token'],
LINE: 132
CODE: public function unzip() {
LINE: 293
----------------------------------------------------------------
MOD: NitroPack Admin Panel Link
FILE: admin/view/template/common/menu.tpl
CODE: <li><a href="<?php echo $error_log; ?>"><?php echo $text_error_log; ?></a></li>
LINE: 162
FILE: admin/controller/common/menu.php
CODE: $data['error_log'] = $this->url->link('tool/error_log', 'token=' . $this->session->data['token'], 'SSL');
LINE: 132
CODE: $data['error_log'] = $this->url->link('tool/error_log', 'token=' . $this->session->data['token'], true);
NOT FOUND!
FILE: admin/controller/common/column_left.php
CODE: if ($tool) {
NOT FOUND!
----------------------------------------------------------------
MOD: NitroPack CDN
FILE: catalog/model/tool/image.php
CODE: class ModelToolImage extends Model {
LINE: 12
CODE: return $this->config->get('config_ssl') . 'image/' . $new_image;
LINE: 57
CODE: return $this->config->get('config_url') . 'image/' . $new_image;
LINE: 68
CODE: return $this->config->get('config_ssl') . 'image/' . $image_new;
NOT FOUND!
CODE: return $this->config->get('config_url') . 'image/' . $image_new;
NOT FOUND!
CODE: return (defined('HTTPS_STATIC_CDN') ? HTTPS_STATIC_CDN : $this->config->get('config_ssl')) . 'image/' . $new_image;
NOT FOUND!
CODE: return (defined('HTTPS_STATIC_CDN') ? HTTPS_STATIC_CDN : $this->config->get('config_ssl')) . 'image/' . $image_new;
NOT FOUND!
FILE: catalog/controller/common/header.php
CODE: $data['styles'] = $this->document->getStyles();
LINE: 39
CODE: $data['scripts'] = $this->document->getScripts();
LINE: 47
----------------------------------------------------------------
MOD: NitroPack CSS and JavaScript Minify
FILE: system/library/document.php
CODE: return $this->styles;
LINE: 60
CODE: return $this->scripts[$postion];
LINE: 76
CODE: return $this->scripts;
NOT FOUND!
----------------------------------------------------------------
MOD: NitroPack Database Cache
FILE: system/library/db.php
CODE: return $this->db->query($sql);
LINE: 73
CODE: return $this->adaptor->query($sql, $params);
NOT FOUND!
----------------------------------------------------------------
MOD: NitroPack Database Singleton
CODE: if (class_exists($class)) {
LINE: 18
----------------------------------------------------------------
MOD: NitroPack Image Quality Override
FILE: system/library/image.php
CODE: public function save($file, $quality = 90) {
LINE: 61
REGEX: ~public function resize.*~
LINE: 14
CODE: $extension = pathinfo($filename, PATHINFO_EXTENSION);
LINE: 66
CODE: if (!is_file(DIR_IMAGE . $image_new) || (filectime(DIR_IMAGE . $image_old) > filectime(DIR_IMAGE . $image_new))) {
NOT FOUND!
CODE: if (!is_file(DIR_IMAGE . $new_image) || (filectime(DIR_IMAGE . $old_image) > filectime(DIR_IMAGE . $new_image))) {
LINE: 71
CODE: $image->save(DIR_IMAGE . $new_image);
LINE: 98
CODE: copy(DIR_IMAGE . $old_image, DIR_IMAGE . $new_image);
LINE: 105
CODE: if ($width_orig != $width || $height_orig != $height) {
LINE: 93
CODE: if ($width_orig != $width || $height_orig != $height) {
LINE: 93
----------------------------------------------------------------
MOD: NitroPack jQuery from Google
FILE: catalog/view/theme/default/template/common/header.tpl
CODE: <script src="catalog/view/javascript/jquery/jquery-2.1.1.min.js" type="text/javascript"></script>
LINE: 22
CODE: <script src="catalog/view/javascript/jquery/jquery-2.1.1.min.js" type="text/javascript"></script>
LINE: 23
----------------------------------------------------------------
MOD: NitroPack Page Cache
FILE: system/engine/registry.php
CODE: $this->data[$key] = $value;
LINE: 23
FILE: system/library/response.php
CODE: $this->level = $level;
LINE: 19
CODE: echo $output;
LINE: 80
CODE: echo $output;
LINE: 95
FILE: catalog/controller/common/language.php
CODE: $this->session->data['language'] = $this->request->post['code'];
LINE: 59
FILE: catalog/controller/common/currency.php
CODE: $this->currency->set($this->request->post['code']);
LINE: 60
CODE: $this->session->data['currency'] = $this->request->post['code'];
NOT FOUND!
FILE: catalog/model/catalog/product.php
CODE: public function getProduct($product_id) {
LINE: 14
FILE: catalog/model/catalog/category.php
CODE: public function getCategory($category_id) {
LINE: 10
FILE: admin/model/catalog/product.php
CODE: public function editProduct($product_id, $data) {
LINE: 140
CODE: public function addProduct($data) {
LINE: 10
CODE: public function copyProduct($product_id) {
LINE: 309
CODE: public function deleteProduct($product_id) {
LINE: 348
FILE: catalog/model/checkout/order.php
CODE: $this->db->query("UPDATE " . DB_PREFIX . "product SET quantity = (quantity - " . (int)$order_product['quantity'] . ") WHERE product_id = '" . (int)$order_product['product_id'] . "' AND subtract = '1'");
LINE: 335
CODE: $this->db->query("UPDATE `" . DB_PREFIX . "product` SET quantity = (quantity + " . (int)$product['quantity'] . ") WHERE product_id = '" . (int)$product['product_id'] . "' AND subtract = '1'");
LINE: 362
----------------------------------------------------------------
MOD: NitroPack System Cache Override
FILE: system/library/cache.php
CODE: public function __construct($driver, $expire = 3600) {
LINE: 13
CODE: public function __construct($adaptor, $expire = 3600) {
NOT FOUND!
----------------------------------------------------------------
MOD: Webkul HelpDesk
FILE: system/engine/front.php
CODE: $this->registry = $registry;
LINE: 10
CODE: imagegif($this->image, $file);
LINE: 76
CODE: return $this->load->view('common/menu.tpl', $data);
LINE: 247
CODE: <li id="reports"><a class="parent"><i class="fa fa-bar-chart-o fa-fw"></i> <span><?php echo $text_reports; ?></span></a>
LINE: 188
CODE: $data['checkout'] = $this->url->link('checkout/checkout', '', 'SSL');
LINE: 104
CODE: <li class="dropdown"><a href="<?php echo $account; ?>"
LINE: 57
----------------------------------------------------------------
MOD: X-Form
FILE: catalog/controller/common/seo_url.php
CODE: if ($url[0] == 'product_id')
LINE: 30
CODE: <li id="reports"><a class="parent"><i class="fa fa-bar-chart-o fa-fw"></i> <span><?php echo $text_reports; ?></span></a>
LINE: 191
CODE: $data['home'] = $this->url->link('common/dashboard', 'token=' . $this->session->data['token'], 'SSL');
LINE: 115
FILE: catalog/controller/information/contact.php
CODE: $this->validate()
LINE: 9
FILE: catalog/controller/information/information.php
CODE: $data['description'] = html_entity_decode($information_info['description'], ENT_QUOTES, 'UTF-8');
LINE: 67
CODE: $this->load->language('common/header');
LINE: 98
FILE: catalog/controller/product/product.php
CODE: $data['description'] = html_entity_decode($product_info['description'], ENT_QUOTES, 'UTF-8');
LINE: 286
FILE: admin/controller/sale/order.php
CODE: $this->response->setOutput($this->load->view('sale/order_info
LINE: 1296
FILE: admin/view/template/sale/order_info.tpl
CODE: <?php if ($account_custom_fields) { ?>
LINE: 286
----------------------------------------------------------------
2018-05-01 12:39:17 - MOD: Modification Default
FILE: system/engine/action.php
REGEX: ~(require|include)(_once)?\(([^)]+)~
LINE: 39
FILE: system/engine/loader.php
REGEX: ~(require|include)(_once)?\(([^)]+)~
LINE: 20
LINE: 59
LINE: 80
LINE: 99
FILE: system/library/config.php
REGEX: ~(require|include)(_once)?\(([^)]+)~
LINE: 23
FILE: system/library/language.php
REGEX: ~(require|include)(_once)?\(([^)]+)~
LINE: 25
LINE: 31
----------------------------------------------------------------
MOD: Local copy OCMOD by iSenseLabs
FILE: admin/controller/extension/installer.php
CODE: 'url'  => str_replace('&amp;', '&', $this->url->link('extension/installer/ftp', 'token=' . $this->session->data['token'],
LINE: 132
CODE: public function unzip() {
LINE: 293
----------------------------------------------------------------
MOD: NitroPack Admin Panel Link
FILE: admin/view/template/common/menu.tpl
CODE: <li><a href="<?php echo $error_log; ?>"><?php echo $text_error_log; ?></a></li>
LINE: 162
FILE: admin/controller/common/menu.php
CODE: $data['error_log'] = $this->url->link('tool/error_log', 'token=' . $this->session->data['token'], 'SSL');
LINE: 132
CODE: $data['error_log'] = $this->url->link('tool/error_log', 'token=' . $this->session->data['token'], true);
NOT FOUND!
FILE: admin/controller/common/column_left.php
CODE: if ($tool) {
NOT FOUND!
----------------------------------------------------------------
MOD: NitroPack CDN
FILE: catalog/model/tool/image.php
CODE: class ModelToolImage extends Model {
LINE: 12
CODE: return $this->config->get('config_ssl') . 'image/' . $new_image;
LINE: 57
CODE: return $this->config->get('config_url') . 'image/' . $new_image;
LINE: 68
CODE: return $this->config->get('config_ssl') . 'image/' . $image_new;
NOT FOUND!
CODE: return $this->config->get('config_url') . 'image/' . $image_new;
NOT FOUND!
CODE: return (defined('HTTPS_STATIC_CDN') ? HTTPS_STATIC_CDN : $this->config->get('config_ssl')) . 'image/' . $new_image;
NOT FOUND!
CODE: return (defined('HTTPS_STATIC_CDN') ? HTTPS_STATIC_CDN : $this->config->get('config_ssl')) . 'image/' . $image_new;
NOT FOUND!
FILE: catalog/controller/common/header.php
CODE: $data['styles'] = $this->document->getStyles();
LINE: 39
CODE: $data['scripts'] = $this->document->getScripts();
LINE: 47
----------------------------------------------------------------
MOD: NitroPack CSS and JavaScript Minify
FILE: system/library/document.php
CODE: return $this->styles;
LINE: 60
CODE: return $this->scripts[$postion];
LINE: 76
CODE: return $this->scripts;
NOT FOUND!
----------------------------------------------------------------
MOD: NitroPack Database Cache
FILE: system/library/db.php
CODE: return $this->db->query($sql);
LINE: 73
CODE: return $this->adaptor->query($sql, $params);
NOT FOUND!
----------------------------------------------------------------
MOD: NitroPack Database Singleton
CODE: if (class_exists($class)) {
LINE: 18
----------------------------------------------------------------
MOD: NitroPack Image Quality Override
FILE: system/library/image.php
CODE: public function save($file, $quality = 90) {
LINE: 61
REGEX: ~public function resize.*~
LINE: 14
CODE: $extension = pathinfo($filename, PATHINFO_EXTENSION);
LINE: 66
CODE: if (!is_file(DIR_IMAGE . $image_new) || (filectime(DIR_IMAGE . $image_old) > filectime(DIR_IMAGE . $image_new))) {
NOT FOUND!
CODE: if (!is_file(DIR_IMAGE . $new_image) || (filectime(DIR_IMAGE . $old_image) > filectime(DIR_IMAGE . $new_image))) {
LINE: 71
CODE: $image->save(DIR_IMAGE . $new_image);
LINE: 98
CODE: copy(DIR_IMAGE . $old_image, DIR_IMAGE . $new_image);
LINE: 105
CODE: if ($width_orig != $width || $height_orig != $height) {
LINE: 93
CODE: if ($width_orig != $width || $height_orig != $height) {
LINE: 93
----------------------------------------------------------------
MOD: NitroPack jQuery from Google
FILE: catalog/view/theme/default/template/common/header.tpl
CODE: <script src="catalog/view/javascript/jquery/jquery-2.1.1.min.js" type="text/javascript"></script>
LINE: 22
CODE: <script src="catalog/view/javascript/jquery/jquery-2.1.1.min.js" type="text/javascript"></script>
LINE: 23
----------------------------------------------------------------
MOD: NitroPack Page Cache
FILE: system/engine/registry.php
CODE: $this->data[$key] = $value;
LINE: 23
FILE: system/library/response.php
CODE: $this->level = $level;
LINE: 19
CODE: echo $output;
LINE: 80
CODE: echo $output;
LINE: 95
FILE: catalog/controller/common/language.php
CODE: $this->session->data['language'] = $this->request->post['code'];
LINE: 59
FILE: catalog/controller/common/currency.php
CODE: $this->currency->set($this->request->post['code']);
LINE: 60
CODE: $this->session->data['currency'] = $this->request->post['code'];
NOT FOUND!
FILE: catalog/model/catalog/product.php
CODE: public function getProduct($product_id) {
LINE: 14
FILE: catalog/model/catalog/category.php
CODE: public function getCategory($category_id) {
LINE: 10
FILE: admin/model/catalog/product.php
CODE: public function editProduct($product_id, $data) {
LINE: 140
CODE: public function addProduct($data) {
LINE: 10
CODE: public function copyProduct($product_id) {
LINE: 309
CODE: public function deleteProduct($product_id) {
LINE: 348
FILE: catalog/model/checkout/order.php
CODE: $this->db->query("UPDATE " . DB_PREFIX . "product SET quantity = (quantity - " . (int)$order_product['quantity'] . ") WHERE product_id = '" . (int)$order_product['product_id'] . "' AND subtract = '1'");
LINE: 335
CODE: $this->db->query("UPDATE `" . DB_PREFIX . "product` SET quantity = (quantity + " . (int)$product['quantity'] . ") WHERE product_id = '" . (int)$product['product_id'] . "' AND subtract = '1'");
LINE: 362
----------------------------------------------------------------
MOD: NitroPack System Cache Override
FILE: system/library/cache.php
CODE: public function __construct($driver, $expire = 3600) {
LINE: 13
CODE: public function __construct($adaptor, $expire = 3600) {
NOT FOUND!
----------------------------------------------------------------
MOD: UVdesk Module
FILE: admin/language/english/common/menu.php
CODE: // Text
LINE: 10
CODE: return $this->load->view('common/menu.tpl', $data)
LINE: 224
CODE: <li id="catalog">
LINE: 9
FILE: system/library/customer.php
CODE: login($email, $password, $override = false) {
LINE: 54
----------------------------------------------------------------
MOD: Webkul HelpDesk
FILE: system/engine/front.php
CODE: $this->registry = $registry;
LINE: 10
CODE: imagegif($this->image, $file);
LINE: 76
CODE: return $this->load->view('common/menu.tpl', $data);
LINE: 258
CODE: <li id="reports"><a class="parent"><i class="fa fa-bar-chart-o fa-fw"></i> <span><?php echo $text_reports; ?></span></a>
LINE: 195
CODE: $data['checkout'] = $this->url->link('checkout/checkout', '', 'SSL');
LINE: 104
CODE: <li class="dropdown"><a href="<?php echo $account; ?>"
LINE: 57
----------------------------------------------------------------
MOD: X-Form
FILE: catalog/controller/common/seo_url.php
CODE: if ($url[0] == 'product_id')
LINE: 30
CODE: <li id="reports"><a class="parent"><i class="fa fa-bar-chart-o fa-fw"></i> <span><?php echo $text_reports; ?></span></a>
LINE: 198
CODE: $data['home'] = $this->url->link('common/dashboard', 'token=' . $this->session->data['token'], 'SSL');
LINE: 115
FILE: catalog/controller/information/contact.php
CODE: $this->validate()
LINE: 9
FILE: catalog/controller/information/information.php
CODE: $data['description'] = html_entity_decode($information_info['description'], ENT_QUOTES, 'UTF-8');
LINE: 67
CODE: $this->load->language('common/header');
LINE: 98
FILE: catalog/controller/product/product.php
CODE: $data['description'] = html_entity_decode($product_info['description'], ENT_QUOTES, 'UTF-8');
LINE: 286
FILE: admin/controller/sale/order.php
CODE: $this->response->setOutput($this->load->view('sale/order_info
LINE: 1296
FILE: admin/view/template/sale/order_info.tpl
CODE: <?php if ($account_custom_fields) { ?>
LINE: 286
----------------------------------------------------------------
